<?xml version="1.0" encoding="UTF-8"?>
<!-- Generated by org.testng.reporters.JUnitReportReporter -->
<testsuite name="com.jenkins.testscripts.TC003_RetrieveEmailId" tests="1" time="7.748" ignored="0" failures="0" timestamp="08 Mar 2018 01:53:15 GMT" skipped="0" hostname="Ranjit" errors="0">
  <testcase name="retrieveEmailId" time="7.748" classname="com.jenkins.testscripts.TC003_RetrieveEmailId"/>
</testsuite> <!-- com.jenkins.testscripts.TC003_RetrieveEmailId -->
