<?xml version="1.0" encoding="UTF-8"?>
<!-- Generated by org.testng.reporters.JUnitReportReporter -->
<testsuite name="com.jenkins.testscripts.TC002_InvalidLogin" tests="1" time="7.221" ignored="0" failures="0" timestamp="08 Mar 2018 01:53:15 GMT" skipped="0" hostname="Ranjit" errors="0">
  <testcase name="invalidLogin" time="7.221" classname="com.jenkins.testscripts.TC002_InvalidLogin"/>
</testsuite> <!-- com.jenkins.testscripts.TC002_InvalidLogin -->
